[1731259131.981][INFO]: Starting ChromeDriver 130.0.6723.116 (6ac35f94ae3d01152cf1946c896b0678e48f8ec4-refs/branch-heads/6723@{#1764}) on port 2505
[1731259131.981][INFO]: Please see https://chromedriver.chromium.org/security-considerations for suggestions on keeping ChromeDriver safe.
[1731259131.987][INFO]: ChromeDriver was started successfully on port 2505
[1731259132.237][INFO]: [8e82f03a9c838c93a8233e905f27434b] COMMAND InitSession {
   "capabilities": {
      "firstMatch": [ {
         "browserName": "chrome",
         "goog:chromeOptions": {
            "args": [ "--remote-allow-origins=*" ],
            "binary": "C:\\Program Files\\Google\\Chrome\\Application\\chrome.exe",
            "extensions": [  ]
         },
         "goog:loggingPrefs": {
            "browser": "ALL",
            "driver": "ALL"
         }
      } ]
   }
}
[1731259132.280][INFO]: Populating Preferences file: {
   "alternate_error_pages": {
      "enabled": false
   },
   "autofill": {
      "enabled": false
   },
   "browser": {
      "check_default_browser": false
   },
   "distribution": {
      "import_bookmarks": false,
      "import_history": false,
      "import_search_engine": false,
      "make_chrome_default_for_user": false,
      "skip_first_run_ui": true
   },
   "dns_prefetching": {
      "enabled": false
   },
   "profile": {
      "content_settings": {
         "pattern_pairs": {
            "https://*,*": {
               "media-stream": {
                  "audio": "Default",
                  "video": "Default"
               }
            }
         }
      },
      "default_content_setting_values": {
         "geolocation": 1
      },
      "default_content_settings": {
         "geolocation": 1,
         "mouselock": 1,
         "notifications": 1,
         "popups": 1,
         "ppapi-broker": 1
      },
      "password_manager_enabled": false
   },
   "safebrowsing": {
      "enabled": false
   },
   "search": {
      "suggest_enabled": false
   },
   "translate": {
      "enabled": false
   }
}
[1731259132.280][INFO]: Populating Local State file: {
   "background_mode": {
      "enabled": false
   },
   "ssl": {
      "rev_checking": {
         "enabled": false
      }
   }
}
[1731259132.282][INFO]: ChromeDriver supports communication with Chrome via pipes. This is more reliable and more secure.
[1731259132.282][INFO]: Use the --remote-debugging-pipe Chrome switch instead of the default --remote-debugging-port to enable this communication mode.
[1731259132.283][INFO]: Launching chrome: "C:\Program Files\Google\Chrome\Application\chrome.exe" --allow-pre-commit-input --disable-background-networking --disable-backgrounding-occluded-windows --disable-client-side-phishing-detection --disable-default-apps --disable-hang-monitor --disable-popup-blocking --disable-prompt-on-repost --disable-sync --enable-automation --enable-logging --log-level=0 --no-first-run --no-service-autorun --password-store=basic --remote-allow-origins=* --remote-debugging-port=0 --test-type=webdriver --use-mock-keychain --user-data-dir="C:\Users\muham\AppData\Local\Temp\scoped_dir18568_712987325" data:,
[1731259132.953][INFO]: resolved localhost to ["::1","127.0.0.1"]
[1731259132.959][INFO]: [8e82f03a9c838c93a8233e905f27434b] RESPONSE InitSession {
   "capabilities": {
      "acceptInsecureCerts": false,
      "browserName": "chrome",
      "browserVersion": "130.0.6723.117",
      "chrome": {
         "chromedriverVersion": "130.0.6723.116 (6ac35f94ae3d01152cf1946c896b0678e48f8ec4-refs/branch-heads/6723@{#1764})",
         "userDataDir": "C:\\Users\\muham\\AppData\\Local\\Temp\\scoped_dir18568_712987325"
      },
      "fedcm:accounts": true,
      "goog:chromeOptions": {
         "debuggerAddress": "localhost:64302"
      },
      "networkConnectionEnabled": false,
      "pageLoadStrategy": "normal",
      "platformName": "windows",
      "proxy": {
      },
      "setWindowRect": true,
      "strictFileInteractability": false,
      "timeouts": {
         "implicit": 0,
         "pageLoad": 300000,
         "script": 30000
      },
      "unhandledPromptBehavior": "dismiss and notify",
      "webauthn:extension:credBlob": true,
      "webauthn:extension:largeBlob": true,
      "webauthn:extension:minPinLength": true,
      "webauthn:extension:prf": true,
      "webauthn:virtualAuthenticators": true
   },
   "sessionId": "8e82f03a9c838c93a8233e905f27434b"
}
[1731259133.090][INFO]: [8e82f03a9c838c93a8233e905f27434b] COMMAND MaximizeWindow {
}
[1731259133.091][INFO]: Waiting for pending navigations...
[1731259133.094][INFO]: Done waiting for pending navigations. Status: ok
[1731259133.118][INFO]: Waiting for pending navigations...
[1731259133.119][INFO]: Done waiting for pending navigations. Status: ok
[1731259133.119][INFO]: [8e82f03a9c838c93a8233e905f27434b] RESPONSE MaximizeWindow {
   "height": 880,
   "width": 1552,
   "x": -8,
   "y": -8
}
[1731259133.137][INFO]: [8e82f03a9c838c93a8233e905f27434b] COMMAND CloseWindow {
}
[1731259133.246][INFO]: [8e82f03a9c838c93a8233e905f27434b] RESPONSE CloseWindow [  ]
